<?xml version="1.0" encoding="UTF-8"?>
<coverage generated="1643515612507" clover="3.2.0">
  <project timestamp="1643515612507" name="All files">
    <metrics statements="24" coveredstatements="10" conditionals="5" coveredconditionals="0" methods="8" coveredmethods="2" elements="37" coveredelements="12" complexity="0" loc="24" ncloc="24" packages="1" files="1" classes="1"/>
    <file name="init.ts" path="C:\Users\bougi\OneDrive\Documents\Grad School\SWENG 894\src\init.ts">
      <metrics statements="24" coveredstatements="10" conditionals="5" coveredconditionals="0" methods="8" coveredmethods="2"/>
      <line num="2" count="1" type="stmt"/>
      <line num="3" count="1" type="stmt"/>
      <line num="4" count="1" type="stmt"/>
      <line num="5" count="1" type="stmt"/>
      <line num="6" count="1" type="stmt"/>
      <line num="10" count="1" type="stmt"/>
      <line num="13" count="0" type="stmt"/>
      <line num="14" count="0" type="cond" truecount="0" falsecount="2"/>
      <line num="15" count="0" type="stmt"/>
      <line num="17" count="0" type="stmt"/>
      <line num="22" count="1" type="stmt"/>
      <line num="25" count="0" type="stmt"/>
      <line num="26" count="0" type="cond" truecount="0" falsecount="2"/>
      <line num="27" count="0" type="stmt"/>
      <line num="29" count="0" type="stmt"/>
      <line num="36" count="0" type="stmt"/>
      <line num="39" count="0" type="cond" truecount="0" falsecount="1"/>
      <line num="40" count="0" type="stmt"/>
      <line num="41" count="0" type="stmt"/>
      <line num="42" count="0" type="stmt"/>
      <line num="43" count="0" type="stmt"/>
      <line num="48" count="1" type="stmt"/>
      <line num="50" count="1" type="stmt"/>
      <line num="54" count="1" type="stmt"/>
    </file>
  </project>
</coverage>
