<?xml version="1.0" encoding="UTF-8"?>
<coverage generated="1644018064308" clover="3.2.0">
  <project timestamp="1644018064309" name="All files">
    <metrics statements="26" coveredstatements="12" conditionals="5" coveredconditionals="0" methods="8" coveredmethods="2" elements="39" coveredelements="14" complexity="0" loc="26" ncloc="26" packages="1" files="1" classes="1"/>
    <file name="init.ts" path="C:\Users\bougi\OneDrive\Documents\Grad School\SWENG 894\src\init.ts">
      <metrics statements="26" coveredstatements="12" conditionals="5" coveredconditionals="0" methods="8" coveredmethods="2"/>
      <line num="2" count="1" type="stmt"/>
      <line num="3" count="1" type="stmt"/>
      <line num="4" count="1" type="stmt"/>
      <line num="5" count="1" type="stmt"/>
      <line num="6" count="1" type="stmt"/>
      <line num="10" count="1" type="stmt"/>
      <line num="11" count="1" type="stmt"/>
      <line num="14" count="0" type="stmt"/>
      <line num="15" count="0" type="cond" truecount="0" falsecount="2"/>
      <line num="16" count="0" type="stmt"/>
      <line num="18" count="0" type="stmt"/>
      <line num="23" count="1" type="stmt"/>
      <line num="26" count="0" type="stmt"/>
      <line num="27" count="0" type="cond" truecount="0" falsecount="2"/>
      <line num="28" count="0" type="stmt"/>
      <line num="30" count="0" type="stmt"/>
      <line num="37" count="0" type="stmt"/>
      <line num="40" count="0" type="cond" truecount="0" falsecount="1"/>
      <line num="41" count="0" type="stmt"/>
      <line num="42" count="0" type="stmt"/>
      <line num="43" count="0" type="stmt"/>
      <line num="44" count="0" type="stmt"/>
      <line num="49" count="1" type="stmt"/>
      <line num="51" count="1" type="stmt"/>
      <line num="53" count="1" type="stmt"/>
      <line num="56" count="1" type="stmt"/>
    </file>
  </project>
</coverage>
