{"C:\\Users\\bougi\\OneDrive\\Documents\\Grad School\\SWENG 894\\src\\init.ts": {"path":"C:\\Users\\bougi\\OneDrive\\Documents\\Grad School\\SWENG 894\\src\\init.ts","statementMap":{"0":{"start":{"line":2,"column":12},"end":{"line":2,"column":38}},"1":{"start":{"line":3,"column":2},"end":{"line":3,"column":20}},"2":{"start":{"line":4,"column":2},"end":{"line":4,"column":14}},"3":{"start":{"line":5,"column":2},"end":{"line":5,"column":22}},"4":{"start":{"line":6,"column":2},"end":{"line":6,"column":77}},"5":{"start":{"line":54,"column":25},"end":{"line":54,"column":37}},"6":{"start":{"line":10,"column":2},"end":{"line":20,"column":7}},"7":{"start":{"line":13,"column":6},"end":{"line":19,"column":null}},"8":{"start":{"line":14,"column":8},"end":{"line":18,"column":null}},"9":{"start":{"line":15,"column":10},"end":{"line":15,"column":38}},"10":{"start":{"line":17,"column":10},"end":{"line":17,"column":34}},"11":{"start":{"line":22,"column":4},"end":{"line":32,"column":9}},"12":{"start":{"line":25,"column":8},"end":{"line":31,"column":null}},"13":{"start":{"line":26,"column":10},"end":{"line":30,"column":null}},"14":{"start":{"line":27,"column":12},"end":{"line":27,"column":36}},"15":{"start":{"line":29,"column":12},"end":{"line":29,"column":null}},"16":{"start":{"line":54,"column":9},"end":{"line":54,"column":23}},"17":{"start":{"line":36,"column":25},"end":{"line":36,"column":60}},"18":{"start":{"line":39,"column":4},"end":{"line":44,"column":null}},"19":{"start":{"line":40,"column":6},"end":{"line":40,"column":38}},"20":{"start":{"line":41,"column":6},"end":{"line":41,"column":44}},"21":{"start":{"line":42,"column":6},"end":{"line":42,"column":50}},"22":{"start":{"line":43,"column":6},"end":{"line":43,"column":37}},"23":{"start":{"line":48,"column":0},"end":{"line":52,"column":null}},"24":{"start":{"line":50,"column":2},"end":{"line":50,"column":25}}},"fnMap":{"0":{"name":"fnAddButtons","decl":{"start":{"line":1,"column":9},"end":{"line":1,"column":21}},"loc":{"start":{"line":1,"column":36},"end":{"line":7,"column":1}}},"1":{"name":"fnDefineEvents","decl":{"start":{"line":9,"column":9},"end":{"line":9,"column":23}},"loc":{"start":{"line":9,"column":38},"end":{"line":33,"column":1}}},"2":{"name":"(anonymous_2)","decl":{"start":{"line":12,"column":31},"end":{"line":12,"column":41}},"loc":{"start":{"line":12,"column":46},"end":{"line":20,"column":5}}},"3":{"name":"(anonymous_3)","decl":{"start":{"line":13,"column":57},"end":{"line":13,"column":58}},"loc":{"start":{"line":13,"column":70},"end":{"line":19,"column":7}}},"4":{"name":"(anonymous_4)","decl":{"start":{"line":24,"column":33},"end":{"line":24,"column":43}},"loc":{"start":{"line":24,"column":48},"end":{"line":32,"column":7}}},"5":{"name":"(anonymous_5)","decl":{"start":{"line":25,"column":62},"end":{"line":25,"column":63}},"loc":{"start":{"line":25,"column":75},"end":{"line":31,"column":9}}},"6":{"name":"main","decl":{"start":{"line":35,"column":9},"end":{"line":35,"column":13}},"loc":{"start":{"line":35,"column":28},"end":{"line":46,"column":1}}},"7":{"name":"checkForJS_Finish","decl":{"start":{"line":38,"column":11},"end":{"line":38,"column":28}},"loc":{"start":{"line":38,"column":28},"end":{"line":45,"column":3}}}},"branchMap":{"0":{"loc":{"start":{"line":14,"column":8},"end":{"line":18,"column":null}},"type":"if","locations":[{"start":{"line":14,"column":8},"end":{"line":18,"column":null}},{"start":{"line":16,"column":14},"end":{"line":18,"column":null}}]},"1":{"loc":{"start":{"line":26,"column":10},"end":{"line":30,"column":null}},"type":"if","locations":[{"start":{"line":26,"column":10},"end":{"line":30,"column":null}},{"start":{"line":28,"column":17},"end":{"line":30,"column":null}}]},"2":{"loc":{"start":{"line":39,"column":4},"end":{"line":44,"column":null}},"type":"if","locations":[{"start":{"line":39,"column":4},"end":{"line":44,"column":null}}]}},"s":{"0":1,"1":1,"2":1,"3":1,"4":1,"5":1,"6":1,"7":0,"8":0,"9":0,"10":0,"11":1,"12":0,"13":0,"14":0,"15":0,"16":1,"17":0,"18":0,"19":0,"20":0,"21":0,"22":0,"23":1,"24":1},"f":{"0":1,"1":1,"2":0,"3":0,"4":0,"5":0,"6":0,"7":0},"b":{"0":[0,0],"1":[0,0],"2":[0]}}
}
