{"C:\\Users\\bougi\\OneDrive\\Documents\\Grad School\\SWENG 894\\src\\init.ts": {"path":"C:\\Users\\bougi\\OneDrive\\Documents\\Grad School\\SWENG 894\\src\\init.ts","statementMap":{"0":{"start":{"line":2,"column":12},"end":{"line":2,"column":38}},"1":{"start":{"line":3,"column":2},"end":{"line":3,"column":20}},"2":{"start":{"line":4,"column":2},"end":{"line":4,"column":14}},"3":{"start":{"line":5,"column":2},"end":{"line":5,"column":22}},"4":{"start":{"line":6,"column":2},"end":{"line":6,"column":77}},"5":{"start":{"line":56,"column":25},"end":{"line":56,"column":37}},"6":{"start":{"line":10,"column":2},"end":{"line":10,"column":27}},"7":{"start":{"line":11,"column":2},"end":{"line":21,"column":7}},"8":{"start":{"line":14,"column":6},"end":{"line":20,"column":null}},"9":{"start":{"line":15,"column":8},"end":{"line":19,"column":null}},"10":{"start":{"line":16,"column":10},"end":{"line":16,"column":38}},"11":{"start":{"line":18,"column":10},"end":{"line":18,"column":34}},"12":{"start":{"line":23,"column":4},"end":{"line":33,"column":9}},"13":{"start":{"line":26,"column":8},"end":{"line":32,"column":null}},"14":{"start":{"line":27,"column":10},"end":{"line":31,"column":null}},"15":{"start":{"line":28,"column":12},"end":{"line":28,"column":36}},"16":{"start":{"line":30,"column":12},"end":{"line":30,"column":null}},"17":{"start":{"line":56,"column":9},"end":{"line":56,"column":23}},"18":{"start":{"line":37,"column":25},"end":{"line":37,"column":60}},"19":{"start":{"line":40,"column":4},"end":{"line":45,"column":null}},"20":{"start":{"line":41,"column":6},"end":{"line":41,"column":38}},"21":{"start":{"line":42,"column":6},"end":{"line":42,"column":44}},"22":{"start":{"line":43,"column":6},"end":{"line":43,"column":50}},"23":{"start":{"line":44,"column":6},"end":{"line":44,"column":37}},"24":{"start":{"line":49,"column":0},"end":{"line":54,"column":null}},"25":{"start":{"line":51,"column":2},"end":{"line":51,"column":25}},"26":{"start":{"line":53,"column":2},"end":{"line":53,"column":17}}},"fnMap":{"0":{"name":"fnAddButtons","decl":{"start":{"line":1,"column":9},"end":{"line":1,"column":21}},"loc":{"start":{"line":1,"column":36},"end":{"line":7,"column":1}}},"1":{"name":"fnDefineEvents","decl":{"start":{"line":9,"column":9},"end":{"line":9,"column":23}},"loc":{"start":{"line":9,"column":38},"end":{"line":34,"column":1}}},"2":{"name":"(anonymous_2)","decl":{"start":{"line":13,"column":31},"end":{"line":13,"column":41}},"loc":{"start":{"line":13,"column":46},"end":{"line":21,"column":5}}},"3":{"name":"(anonymous_3)","decl":{"start":{"line":14,"column":57},"end":{"line":14,"column":58}},"loc":{"start":{"line":14,"column":70},"end":{"line":20,"column":7}}},"4":{"name":"(anonymous_4)","decl":{"start":{"line":25,"column":33},"end":{"line":25,"column":43}},"loc":{"start":{"line":25,"column":48},"end":{"line":33,"column":7}}},"5":{"name":"(anonymous_5)","decl":{"start":{"line":26,"column":62},"end":{"line":26,"column":63}},"loc":{"start":{"line":26,"column":75},"end":{"line":32,"column":9}}},"6":{"name":"main","decl":{"start":{"line":36,"column":9},"end":{"line":36,"column":13}},"loc":{"start":{"line":36,"column":28},"end":{"line":47,"column":1}}},"7":{"name":"checkForJS_Finish","decl":{"start":{"line":39,"column":11},"end":{"line":39,"column":28}},"loc":{"start":{"line":39,"column":28},"end":{"line":46,"column":3}}}},"branchMap":{"0":{"loc":{"start":{"line":15,"column":8},"end":{"line":19,"column":null}},"type":"if","locations":[{"start":{"line":15,"column":8},"end":{"line":19,"column":null}},{"start":{"line":17,"column":14},"end":{"line":19,"column":null}}]},"1":{"loc":{"start":{"line":27,"column":10},"end":{"line":31,"column":null}},"type":"if","locations":[{"start":{"line":27,"column":10},"end":{"line":31,"column":null}},{"start":{"line":29,"column":17},"end":{"line":31,"column":null}}]},"2":{"loc":{"start":{"line":40,"column":4},"end":{"line":45,"column":null}},"type":"if","locations":[{"start":{"line":40,"column":4},"end":{"line":45,"column":null}}]}},"s":{"0":1,"1":1,"2":1,"3":1,"4":1,"5":1,"6":1,"7":1,"8":0,"9":0,"10":0,"11":0,"12":1,"13":0,"14":0,"15":0,"16":0,"17":1,"18":0,"19":0,"20":0,"21":0,"22":0,"23":0,"24":1,"25":1,"26":1},"f":{"0":1,"1":1,"2":0,"3":0,"4":0,"5":0,"6":0,"7":0},"b":{"0":[0,0],"1":[0,0],"2":[0]}}
}
