TN:
SF:src\init.ts
FN:1,fnAddButtons
FN:9,fnDefineEvents
FN:13,(anonymous_2)
FN:14,(anonymous_3)
FN:25,(anonymous_4)
FN:26,(anonymous_5)
FN:36,main
FN:39,checkForJS_Finish
FNF:8
FNH:2
FNDA:1,fnAddButtons
FNDA:1,fnDefineEvents
FNDA:0,(anonymous_2)
FNDA:0,(anonymous_3)
FNDA:0,(anonymous_4)
FNDA:0,(anonymous_5)
FNDA:0,main
FNDA:0,checkForJS_Finish
DA:2,1
DA:3,1
DA:4,1
DA:5,1
DA:6,1
DA:10,1
DA:11,1
DA:14,0
DA:15,0
DA:16,0
DA:18,0
DA:23,1
DA:26,0
DA:27,0
DA:28,0
DA:30,0
DA:37,0
DA:40,0
DA:41,0
DA:42,0
DA:43,0
DA:44,0
DA:49,1
DA:51,1
DA:53,1
DA:56,1
LF:26
LH:12
BRDA:15,0,0,0
BRDA:15,0,1,0
BRDA:27,1,0,0
BRDA:27,1,1,0
BRDA:40,2,0,0
BRF:5
BRH:0
end_of_record
