TN:
SF:src\init.ts
FN:1,fnAddButtons
FN:9,fnDefineEvents
FN:12,(anonymous_2)
FN:13,(anonymous_3)
FN:24,(anonymous_4)
FN:25,(anonymous_5)
FN:35,main
FN:38,checkForJS_Finish
FNF:8
FNH:2
FNDA:1,fnAddButtons
FNDA:1,fnDefineEvents
FNDA:0,(anonymous_2)
FNDA:0,(anonymous_3)
FNDA:0,(anonymous_4)
FNDA:0,(anonymous_5)
FNDA:0,main
FNDA:0,checkForJS_Finish
DA:2,1
DA:3,1
DA:4,1
DA:5,1
DA:6,1
DA:10,1
DA:13,0
DA:14,0
DA:15,0
DA:17,0
DA:22,1
DA:25,0
DA:26,0
DA:27,0
DA:29,0
DA:36,0
DA:39,0
DA:40,0
DA:41,0
DA:42,0
DA:43,0
DA:48,1
DA:50,1
DA:54,1
LF:24
LH:10
BRDA:14,0,0,0
BRDA:14,0,1,0
BRDA:26,1,0,0
BRDA:26,1,1,0
BRDA:39,2,0,0
BRF:5
BRH:0
end_of_record
